TN:
SF:src\App.jsx
FN:15,App
FN:17,(anonymous_1)
FN:19,(anonymous_2)
FN:20,(anonymous_3)
FNF:4
FNH:0
FNDA:0,App
FNDA:0,(anonymous_1)
FNDA:0,(anonymous_2)
FNDA:0,(anonymous_3)
DA:16,0
DA:17,0
DA:19,0
DA:20,0
DA:24,0
LF:5
LH:0
BRDA:20,0,0,0
BRDA:20,0,1,0
BRF:2
BRH:0
end_of_record
TN:
SF:src\components\Header.jsx
FN:24,Header
FN:75,(anonymous_1)
FNF:2
FNH:0
FNDA:0,Header
FNDA:0,(anonymous_1)
DA:30,0
DA:32,0
DA:34,0
DA:36,0
DA:38,0
DA:75,0
LF:6
LH:0
BRDA:36,0,0,0
BRDA:36,0,1,0
BRDA:65,1,0,0
BRDA:65,1,1,0
BRDA:75,2,0,0
BRDA:75,2,1,0
BRDA:78,3,0,0
BRDA:78,3,1,0
BRF:8
BRH:0
end_of_record
TN:
SF:src\components\Rigthbar.jsx
FN:34,(anonymous_0)
FN:141,(anonymous_1)
FN:145,(anonymous_2)
FNF:3
FNH:0
FNDA:0,(anonymous_0)
FNDA:0,(anonymous_1)
FNDA:0,(anonymous_2)
DA:33,0
DA:34,0
DA:35,0
DA:36,0
DA:38,0
DA:139,0
DA:142,0
DA:146,0
DA:177,0
LF:9
LH:0
BRDA:149,0,0,0
BRDA:149,0,1,0
BRDA:149,1,0,0
BRDA:149,1,1,0
BRDA:166,2,0,0
BRDA:166,2,1,0
BRDA:166,2,2,0
BRF:7
BRH:0
end_of_record
TN:
SF:src\components\RigthbarContent.jsx
FN:4,(anonymous_0)
FN:105,(anonymous_1)
FN:111,(anonymous_2)
FNF:3
FNH:0
FNDA:0,(anonymous_0)
FNDA:0,(anonymous_1)
FNDA:0,(anonymous_2)
DA:4,0
DA:5,0
DA:103,0
DA:106,0
DA:112,0
LF:5
LH:0
BRDA:118,0,0,0
BRDA:118,0,1,0
BRDA:125,1,0,0
BRDA:125,1,1,0
BRF:4
BRH:0
end_of_record
TN:
SF:src\components\SearchComponent.jsx
FN:7,(anonymous_0)
FN:8,(anonymous_1)
FN:23,(anonymous_2)
FN:34,(anonymous_3)
FN:46,(anonymous_4)
FNF:5
FNH:5
FNDA:9,(anonymous_0)
FNDA:9,(anonymous_1)
FNDA:9,(anonymous_2)
FNDA:9,(anonymous_3)
FNDA:34,(anonymous_4)
DA:7,1
DA:8,9
DA:23,9
DA:34,9
DA:41,9
DA:46,34
LF:6
LH:6
BRF:0
BRH:0
end_of_record
TN:
SF:src\components\Sidebar.jsx
FN:42,(anonymous_0)
FN:46,(anonymous_1)
FN:47,(anonymous_2)
FN:50,(anonymous_3)
FN:56,(anonymous_4)
FN:70,(anonymous_5)
FNF:6
FNH:0
FNDA:0,(anonymous_0)
FNDA:0,(anonymous_1)
FNDA:0,(anonymous_2)
FNDA:0,(anonymous_3)
FNDA:0,(anonymous_4)
FNDA:0,(anonymous_5)
DA:40,0
DA:42,0
DA:43,0
DA:44,0
DA:46,0
DA:47,0
DA:50,0
DA:51,0
DA:53,0
DA:54,0
DA:56,0
DA:71,0
DA:92,0
DA:111,0
DA:179,0
LF:15
LH:0
BRDA:53,0,0,0
BRDA:53,0,1,0
BRDA:66,1,0,0
BRDA:66,1,1,0
BRF:4
BRH:0
end_of_record
TN:
SF:src\components\StatComponent.jsx
FN:4,(anonymous_0)
FNF:1
FNH:1
FNDA:7,(anonymous_0)
DA:4,1
DA:5,7
LF:2
LH:2
BRDA:11,0,0,7
BRDA:11,0,1,5
BRDA:11,0,2,3
BRDA:13,1,0,7
BRDA:13,1,1,5
BRDA:13,1,2,3
BRDA:22,2,0,7
BRDA:22,2,1,5
BRDA:22,2,2,3
BRDA:24,3,0,7
BRDA:24,3,1,5
BRDA:24,3,2,3
BRF:12
BRH:12
end_of_record
TN:
SF:src\layouts\DashboardLayout.jsx
FN:9,DashboardLayout
FN:13,(anonymous_1)
FN:14,(anonymous_2)
FNF:3
FNH:0
FNDA:0,DashboardLayout
FNDA:0,(anonymous_1)
FNDA:0,(anonymous_2)
DA:10,0
DA:11,0
DA:13,0
DA:14,0
DA:15,0
DA:17,0
LF:6
LH:0
BRDA:29,0,0,0
BRDA:29,0,1,0
BRF:2
BRH:0
end_of_record
TN:
SF:src\model\data.js
FN:46,(anonymous_0)
FNF:1
FNH:1
FNDA:500,(anonymous_0)
DA:1,1
DA:17,1
DA:24,1
DA:33,1
DA:39,1
DA:43,1
DA:46,500
DA:49,1
DA:50,100
DA:62,100
LF:10
LH:10
BRF:0
BRH:0
end_of_record
TN:
SF:src\pages\Dashboard.jsx
FN:4,(anonymous_0)
FNF:1
FNH:0
FNDA:0,(anonymous_0)
DA:4,0
DA:5,0
LF:2
LH:0
BRF:0
BRH:0
end_of_record
TN:
SF:src\pages\Ecommerce.jsx
FN:14,(anonymous_0)
FN:120,(anonymous_1)
FN:155,(anonymous_2)
FN:176,(anonymous_3)
FN:181,(anonymous_4)
FN:193,(anonymous_5)
FN:209,(anonymous_6)
FN:248,(anonymous_7)
FN:271,BasicTable
FN:272,createData
FN:294,(anonymous_10)
FNF:11
FNH:0
FNDA:0,(anonymous_0)
FNDA:0,(anonymous_1)
FNDA:0,(anonymous_2)
FNDA:0,(anonymous_3)
FNDA:0,(anonymous_4)
FNDA:0,(anonymous_5)
FNDA:0,(anonymous_6)
FNDA:0,(anonymous_7)
FNDA:0,BasicTable
FNDA:0,createData
FNDA:0,(anonymous_10)
DA:14,0
DA:15,0
DA:16,0
DA:47,0
DA:48,0
DA:49,0
DA:58,0
DA:65,0
DA:88,0
DA:95,0
DA:100,0
DA:107,0
DA:113,0
DA:121,0
DA:155,0
DA:176,0
DA:181,0
DA:193,0
DA:210,0
DA:249,0
DA:273,0
DA:276,0
DA:283,0
DA:295,0
LF:24
LH:0
BRDA:127,0,0,0
BRDA:127,0,1,0
BRDA:127,1,0,0
BRDA:127,1,1,0
BRDA:127,1,2,0
BRDA:127,2,0,0
BRDA:127,2,1,0
BRDA:127,2,2,0
BRF:8
BRH:0
end_of_record
TN:
SF:src\pages\OnlineCourses.jsx
FN:4,(anonymous_0)
FNF:1
FNH:0
FNDA:0,(anonymous_0)
DA:4,0
DA:5,0
LF:2
LH:0
BRF:0
BRH:0
end_of_record
TN:
SF:src\pages\Order.jsx
FN:11,(anonymous_0)
FN:21,(anonymous_1)
FN:22,(anonymous_2)
FN:43,(anonymous_3)
FN:90,(anonymous_4)
FN:95,(anonymous_5)
FN:101,(anonymous_6)
FN:111,(anonymous_7)
FNF:8
FNH:0
FNDA:0,(anonymous_0)
FNDA:0,(anonymous_1)
FNDA:0,(anonymous_2)
FNDA:0,(anonymous_3)
FNDA:0,(anonymous_4)
FNDA:0,(anonymous_5)
FNDA:0,(anonymous_6)
FNDA:0,(anonymous_7)
DA:11,0
DA:13,0
DA:15,0
DA:21,0
DA:23,0
DA:24,0
DA:44,0
DA:45,0
DA:47,0
DA:48,0
DA:50,0
DA:51,0
DA:53,0
DA:54,0
DA:56,0
DA:57,0
DA:59,0
DA:60,0
DA:62,0
DA:64,0
DA:71,0
DA:90,0
DA:95,0
DA:102,0
DA:112,0
LF:25
LH:0
BRDA:45,0,0,0
BRDA:45,0,1,0
BRDA:45,0,2,0
BRDA:45,0,3,0
BRDA:45,0,4,0
BRDA:45,0,5,0
BRF:6
BRH:0
end_of_record
TN:
SF:src\pages\Projects.jsx
FN:4,(anonymous_0)
FNF:1
FNH:0
FNDA:0,(anonymous_0)
DA:4,0
DA:5,0
LF:2
LH:0
BRF:0
BRH:0
end_of_record
TN:
SF:src\pages\UserProfile.jsx
FN:4,(anonymous_0)
FNF:1
FNH:0
FNDA:0,(anonymous_0)
DA:4,0
DA:5,0
LF:2
LH:0
BRF:0
BRH:0
end_of_record
TN:
SF:src\routes\AppRoutes.jsx
FN:5,AppRoutes
FNF:1
FNH:0
FNDA:0,AppRoutes
DA:6,0
LF:1
LH:0
BRF:0
BRH:0
end_of_record
TN:
SF:src\theme\theme.js
FN:3,(anonymous_0)
FNF:1
FNH:0
FNDA:0,(anonymous_0)
DA:3,0
DA:4,0
LF:2
LH:0
BRDA:7,0,0,0
BRDA:7,0,1,0
BRF:2
BRH:0
end_of_record
